[debug] [2022-08-04T06:18:43.474Z] ----------------------------------------------------------------------
[debug] [2022-08-04T06:18:43.475Z] Command:       C:\Program Files\nodejs\node.exe C:\Users\Makrand\AppData\Roaming\npm\node_modules\firebase-tools\lib\bin\firebase.js init
[debug] [2022-08-04T06:18:43.475Z] CLI Version:   11.4.2
[debug] [2022-08-04T06:18:43.476Z] Platform:      win32
[debug] [2022-08-04T06:18:43.476Z] Node Version:  v16.16.0
[debug] [2022-08-04T06:18:43.476Z] Time:          Thu Aug 04 2022 11:48:43 GMT+0530 (India Standard Time)
[debug] [2022-08-04T06:18:43.476Z] ----------------------------------------------------------------------
[debug] 
[debug] [2022-08-04T06:18:43.517Z] > command requires scopes: ["email","openid","https://www.googleapis.com/auth/cloudplatformprojects.readonly","https://www.googleapis.com/auth/firebase","https://www.googleapis.com/auth/cloud-platform"]
[debug] [2022-08-04T06:18:43.517Z] > authorizing via signed-in user (makzare1463@gmail.com)
[info] 
     ######## #### ########  ######## ########     ###     ######  ########
     ##        ##  ##     ## ##       ##     ##  ##   ##  ##       ##
     ######    ##  ########  ######   ########  #########  ######  ######
     ##        ##  ##    ##  ##       ##     ## ##     ##       ## ##
     ##       #### ##     ## ######## ########  ##     ##  ######  ########

You're about to initialize a Firebase project in this directory:

  C:\Users\Makrand\gsprojectmz

Before we get started, keep in mind:

  * You are initializing within an existing Firebase project directory

[info] 
=== Project Setup
[info] 
[info] First, let's associate this project directory with a Firebase project.
[info] You can create multiple project aliases by running firebase use --add, 
[info] but for now we'll just set up a default project.
[info] 
[debug] [2022-08-04T06:19:09.495Z] Using project from CLI flag: gsprojectmz-b4511
[debug] [2022-08-04T06:19:09.498Z] >>> [apiv2][query] GET https://firebase.googleapis.com/v1beta1/projects/gsprojectmz-b4511 [none]
[debug] [2022-08-04T06:19:09.958Z] <<< [apiv2][status] GET https://firebase.googleapis.com/v1beta1/projects/gsprojectmz-b4511 200
[debug] [2022-08-04T06:19:09.958Z] <<< [apiv2][body] GET https://firebase.googleapis.com/v1beta1/projects/gsprojectmz-b4511 {"projectId":"gsprojectmz-b4511","projectNumber":"908384182805","displayName":"gsprojectmz","name":"projects/gsprojectmz-b4511","resources":{"hostingSite":"gsprojectmz-b4511"},"state":"ACTIVE","etag":"1_98b77de9-db93-4f4b-8c4f-cf4ca33f2222"}
[info] i  Using project gsprojectmz-b4511 (gsprojectmz) 
[info] 
=== Hosting Setup
[info] 
[info] Your public directory is the folder (relative to your project directory) that
[info] will contain Hosting assets to be uploaded with firebase deploy. If you
[info] have a build process for your assets, use your build's output directory.
[info] 
[debug] [2022-08-04T06:19:34.471Z] >>> [apiv2][query] GET https://www.gstatic.com/firebasejs/releases.json [none]
[debug] [2022-08-04T06:19:34.606Z] <<< [apiv2][status] GET https://www.gstatic.com/firebasejs/releases.json 200
[debug] [2022-08-04T06:19:34.607Z] <<< [apiv2][body] GET https://www.gstatic.com/firebasejs/releases.json {"current":{"version":"9.9.1","browserURL":"https://www.gstatic.com/firebasejs/9.9.1/firebase.js","packageURL":"https://www.gstatic.com/firebasejs/9.9.1/firebase.tgz"},"live":{"version":"9.9","browserURL":"https://www.gstatic.com/firebasejs/live/9.9/firebase.js","packageURL":"https://www.gstatic.com/firebasejs/live/9.9/firebase.tgz"},"components":{"analytics":"https://www.gstatic.com/firebasejs/9.9.1/firebase-analytics.js","app":"https://www.gstatic.com/firebasejs/9.9.1/firebase-app.js","app-check":"https://www.gstatic.com/firebasejs/9.9.1/firebase-app-check.js","auth":"https://www.gstatic.com/firebasejs/9.9.1/firebase-auth.js","auth/cordova":"https://www.gstatic.com/firebasejs/9.9.1/firebase-auth/cordova.js","auth/react-native":"https://www.gstatic.com/firebasejs/9.9.1/firebase-auth/react-native.js","functions":"https://www.gstatic.com/firebasejs/9.9.1/firebase-functions.js","firestore":"https://www.gstatic.com/firebasejs/9.9.1/firebase-firestore.js","firestore/lite":"https://www.gstatic.com/firebasejs/9.9.1/firebase-firestore/lite.js","installations":"https://www.gstatic.com/firebasejs/9.9.1/firebase-installations.js","storage":"https://www.gstatic.com/firebasejs/9.9.1/firebase-storage.js","performance":"https://www.gstatic.com/firebasejs/9.9.1/firebase-performance.js","remote-config":"https://www.gstatic.com/firebasejs/9.9.1/firebase-remote-config.js","messaging":"https://www.gstatic.com/firebasejs/9.9.1/firebase-messaging.js","messaging/sw":"https://www.gstatic.com/firebasejs/9.9.1/firebase-messaging/sw.js","database":"https://www.gstatic.com/firebasejs/9.9.1/firebase-database.js","firestore.memory":"https://www.gstatic.com/firebasejs/9.9.1/firebase-firestore.memory.js"}}
[info] +  Wrote public/index.html 
[info] 
[info] i  Detected a .git folder at C:\Users\Makrand\gsprojectmz 
[info] i  Authorizing with GitHub to upload your service account to a GitHub repository's secrets store. 
[info] 
[info] Visit this URL on this device to log in:
[info] https://github.com/login/oauth/authorize?client_id=89cf50f02ac6aaed3484&state=627201394&redirect_uri=http%3A%2F%2Flocalhost%3A9005&scope=read%3Auser%20repo%20public_repo
[info] 
[info] Waiting for authentication...
[debug] [2022-08-04T06:19:39.896Z] >>> [apiv2][query] POST https://github.com/login/oauth/access_token [none]
[debug] [2022-08-04T06:19:39.896Z] >>> [apiv2][body] POST https://github.com/login/oauth/access_token [stream]
[debug] [2022-08-04T06:19:40.255Z] <<< [apiv2][status] POST https://github.com/login/oauth/access_token 200
[debug] [2022-08-04T06:19:40.255Z] <<< [apiv2][body] POST https://github.com/login/oauth/access_token {"access_token":"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","token_type":"bearer","scope":"read:user,repo"}
[debug] [2022-08-04T06:19:40.261Z] >>> [apiv2][query] GET https://api.github.com/user [none]
[debug] [2022-08-04T06:19:40.677Z] <<< [apiv2][status] GET https://api.github.com/user 200
[debug] [2022-08-04T06:19:40.678Z] <<< [apiv2][body] GET https://api.github.com/user {"login":"MakrandMZare","id":66860012,"node_id":"MDQ6VXNlcjY2ODYwMDEy","avatar_url":"https://avatars.githubusercontent.com/u/66860012?v=4","gravatar_id":"","url":"https://api.github.com/users/MakrandMZare","html_url":"https://github.com/MakrandMZare","followers_url":"https://api.github.com/users/MakrandMZare/followers","following_url":"https://api.github.com/users/MakrandMZare/following{/other_user}","gists_url":"https://api.github.com/users/MakrandMZare/gists{/gist_id}","starred_url":"https://api.github.com/users/MakrandMZare/starred{/owner}{/repo}","subscriptions_url":"https://api.github.com/users/MakrandMZare/subscriptions","organizations_url":"https://api.github.com/users/MakrandMZare/orgs","repos_url":"https://api.github.com/users/MakrandMZare/repos","events_url":"https://api.github.com/users/MakrandMZare/events{/privacy}","received_events_url":"https://api.github.com/users/MakrandMZare/received_events","type":"User","site_admin":false,"name":"MAKRAND MADHUKAR ZARE","company":"Gopal Animator Pvt Ltd","blog":"","location":"Ahmedabad Gujarat India","email":null,"hireable":null,"bio":"36 + years of Work Experience in IT Services in Automation Cloud Management Services: Code repository management - e.g. GitHub, CI/CD - e.g. Jenkins/CircleCI, P","twitter_username":null,"public_repos":7,"public_gists":0,"followers":0,"following":2,"created_at":"2020-06-13T04:51:54Z","updated_at":"2022-06-08T11:40:13Z","private_gists":0,"total_private_repos":12,"owned_private_repos":12,"disk_usage":24738,"collaborators":0,"two_factor_authentication":false,"plan":{"name":"free","space":976562499,"collaborators":0,"private_repos":10000}}
[info] 
[info] +  Success! Logged into GitHub as MakrandMZare 
[info] 
